This file contains any messages produced by compilers while
running configure, to aid debugging if configure makes a mistake.

It was created by ftk configure 1.0, which was
generated by GNU Autoconf 2.69.  Invocation command line was

  $ ./configure --with-backend=linux-x11:320x480

## --------- ##
## Platform. ##
## --------- ##

hostname = localhost.localdomain
uname -m = x86_64
uname -r = 3.11.10-100.fc18.x86_64
uname -s = Linux
uname -v = #1 SMP Mon Dec 2 20:28:38 UTC 2013

/usr/bin/uname -p = x86_64
/bin/uname -X     = unknown

/bin/arch              = x86_64
/usr/bin/arch -k       = unknown
/usr/convex/getsysinfo = unknown
/usr/bin/hostinfo      = unknown
/bin/machine           = unknown
/usr/bin/oslevel       = unknown
/bin/universe          = unknown

PATH: /usr/lib64/qt-3.3/bin
PATH: /usr/lib64/ccache
PATH: /usr/local/bin
PATH: /usr/bin
PATH: /bin
PATH: /usr/local/sbin
PATH: /usr/sbin
PATH: /home/lixianjing/tizen-sdk/tools
PATH: /home/lixianjing/bin
PATH: /home/lixianjing/.local/bin
PATH: /home/lixianjing/bin
PATH: /opt/work/android/android-sdk-linux/platform-tools
PATH: /opt/work/android/android-sdk-linux/tools
PATH: /opt/work/cpp2js/llvm-3.2/emscripten
PATH: /opt/work/tools/apktools
PATH: /home/lixianjing/tizen-sdk/tools
PATH: /home/lixianjing/bin


## ----------- ##
## Core tests. ##
## ----------- ##

configure:2608: checking for a BSD-compatible install
configure:2676: result: /usr/bin/install -c
configure:2687: checking whether build environment is sane
configure:2742: result: yes
configure:2893: checking for a thread-safe mkdir -p
configure:2932: result: /usr/bin/mkdir -p
configure:2939: checking for gawk
configure:2955: found /usr/bin/gawk
configure:2966: result: gawk
configure:2977: checking whether make sets $(MAKE)
configure:2999: result: yes
configure:3137: checking for gcc
configure:3153: found /usr/lib64/ccache/gcc
configure:3164: result: gcc
configure:3393: checking for C compiler version
configure:3402: gcc --version >&5
gcc (GCC) 4.7.2 20121109 (Red Hat 4.7.2-8)
Copyright (C) 2012 Free Software Foundation, Inc.
This is free software; see the source for copying conditions.  There is NO
warranty; not even for MERCHANTABILITY or FITNESS FOR A PARTICULAR PURPOSE.

configure:3413: $? = 0
configure:3402: gcc -v >&5
Using built-in specs.
COLLECT_GCC=/usr/bin/gcc
COLLECT_LTO_WRAPPER=/usr/libexec/gcc/x86_64-redhat-linux/4.7.2/lto-wrapper
Target: x86_64-redhat-linux
Configured with: ../configure --prefix=/usr --mandir=/usr/share/man --infodir=/usr/share/info --with-bugurl=http://bugzilla.redhat.com/bugzilla --enable-bootstrap --enable-shared --enable-threads=posix --enable-checking=release --disable-build-with-cxx --disable-build-poststage1-with-cxx --with-system-zlib --enable-__cxa_atexit --disable-libunwind-exceptions --enable-gnu-unique-object --enable-linker-build-id --with-linker-hash-style=gnu --enable-languages=c,c++,objc,obj-c++,java,fortran,ada,go,lto --enable-plugin --enable-initfini-array --enable-java-awt=gtk --disable-dssi --with-java-home=/usr/lib/jvm/java-1.5.0-gcj-1.5.0.0/jre --enable-libgcj-multifile --enable-java-maintainer-mode --with-ecj-jar=/usr/share/java/eclipse-ecj.jar --disable-libjava-multilib --with-ppl --with-cloog --with-tune=generic --with-arch_32=i686 --build=x86_64-redhat-linux
Thread model: posix
gcc version 4.7.2 20121109 (Red Hat 4.7.2-8) (GCC) 
configure:3413: $? = 0
configure:3402: gcc -V >&5
gcc: error: unrecognized command line option '-V'
gcc: fatal error: no input files
compilation terminated.
configure:3413: $? = 4
configure:3402: gcc -qversion >&5
gcc: error: unrecognized command line option '-qversion'
gcc: fatal error: no input files
compilation terminated.
configure:3413: $? = 4
configure:3433: checking whether the C compiler works
configure:3455: gcc    conftest.c  >&5
configure:3459: $? = 0
configure:3507: result: yes
configure:3510: checking for C compiler default output file name
configure:3512: result: a.out
configure:3518: checking for suffix of executables
configure:3525: gcc -o conftest    conftest.c  >&5
configure:3529: $? = 0
configure:3551: result: 
configure:3573: checking whether we are cross compiling
configure:3581: gcc -o conftest    conftest.c  >&5
configure:3585: $? = 0
configure:3592: ./conftest
configure:3596: $? = 0
configure:3611: result: no
configure:3616: checking for suffix of object files
configure:3638: gcc -c   conftest.c >&5
configure:3642: $? = 0
configure:3663: result: o
configure:3667: checking whether we are using the GNU C compiler
configure:3686: gcc -c   conftest.c >&5
configure:3686: $? = 0
configure:3695: result: yes
configure:3704: checking whether gcc accepts -g
configure:3724: gcc -c -g  conftest.c >&5
configure:3724: $? = 0
configure:3765: result: yes
configure:3782: checking for gcc option to accept ISO C89
configure:3845: gcc  -c -g -O2  conftest.c >&5
configure:3845: $? = 0
configure:3858: result: none needed
configure:3889: checking for style of include used by make
configure:3917: result: GNU
configure:3943: checking dependency style of gcc
configure:4054: result: gcc3
configure:4127: checking for g++
configure:4143: found /usr/lib64/ccache/g++
configure:4154: result: g++
configure:4181: checking for C++ compiler version
configure:4190: g++ --version >&5
g++ (GCC) 4.7.2 20121109 (Red Hat 4.7.2-8)
Copyright (C) 2012 Free Software Foundation, Inc.
This is free software; see the source for copying conditions.  There is NO
warranty; not even for MERCHANTABILITY or FITNESS FOR A PARTICULAR PURPOSE.

configure:4201: $? = 0
configure:4190: g++ -v >&5
Using built-in specs.
COLLECT_GCC=/usr/bin/g++
COLLECT_LTO_WRAPPER=/usr/libexec/gcc/x86_64-redhat-linux/4.7.2/lto-wrapper
Target: x86_64-redhat-linux
Configured with: ../configure --prefix=/usr --mandir=/usr/share/man --infodir=/usr/share/info --with-bugurl=http://bugzilla.redhat.com/bugzilla --enable-bootstrap --enable-shared --enable-threads=posix --enable-checking=release --disable-build-with-cxx --disable-build-poststage1-with-cxx --with-system-zlib --enable-__cxa_atexit --disable-libunwind-exceptions --enable-gnu-unique-object --enable-linker-build-id --with-linker-hash-style=gnu --enable-languages=c,c++,objc,obj-c++,java,fortran,ada,go,lto --enable-plugin --enable-initfini-array --enable-java-awt=gtk --disable-dssi --with-java-home=/usr/lib/jvm/java-1.5.0-gcj-1.5.0.0/jre --enable-libgcj-multifile --enable-java-maintainer-mode --with-ecj-jar=/usr/share/java/eclipse-ecj.jar --disable-libjava-multilib --with-ppl --with-cloog --with-tune=generic --with-arch_32=i686 --build=x86_64-redhat-linux
Thread model: posix
gcc version 4.7.2 20121109 (Red Hat 4.7.2-8) (GCC) 
configure:4201: $? = 0
configure:4190: g++ -V >&5
g++: error: unrecognized command line option '-V'
g++: fatal error: no input files
compilation terminated.
configure:4201: $? = 4
configure:4190: g++ -qversion >&5
g++: error: unrecognized command line option '-qversion'
g++: fatal error: no input files
compilation terminated.
configure:4201: $? = 4
configure:4205: checking whether we are using the GNU C++ compiler
configure:4224: g++ -c   conftest.cpp >&5
configure:4224: $? = 0
configure:4233: result: yes
configure:4242: checking whether g++ accepts -g
configure:4262: g++ -c -g  conftest.cpp >&5
configure:4262: $? = 0
configure:4303: result: yes
configure:4328: checking dependency style of g++
configure:4439: result: gcc3
configure:4483: checking build system type
configure:4497: result: x86_64-unknown-linux-gnu
configure:4517: checking host system type
configure:4530: result: x86_64-unknown-linux-gnu
configure:4571: checking how to print strings
configure:4598: result: printf
configure:4619: checking for a sed that does not truncate output
configure:4683: result: /usr/bin/sed
configure:4701: checking for grep that handles long lines and -e
configure:4759: result: /usr/bin/grep
configure:4764: checking for egrep
configure:4826: result: /usr/bin/grep -E
configure:4831: checking for fgrep
configure:4893: result: /usr/bin/grep -F
configure:4928: checking for ld used by gcc
configure:4995: result: /usr/bin/ld
configure:5002: checking if the linker (/usr/bin/ld) is GNU ld
configure:5017: result: yes
configure:5029: checking for BSD- or MS-compatible name lister (nm)
configure:5078: result: /usr/bin/nm -B
configure:5208: checking the name lister (/usr/bin/nm -B) interface
configure:5215: gcc -c -g -O2  conftest.c >&5
configure:5218: /usr/bin/nm -B "conftest.o"
configure:5221: output
0000000000000000 B some_variable
configure:5228: result: BSD nm
configure:5231: checking whether ln -s works
configure:5235: result: yes
configure:5243: checking the maximum length of command line arguments
configure:5373: result: 1572864
configure:5390: checking whether the shell understands some XSI constructs
configure:5400: result: yes
configure:5404: checking whether the shell understands "+="
configure:5410: result: yes
configure:5445: checking how to convert x86_64-unknown-linux-gnu file names to x86_64-unknown-linux-gnu format
configure:5485: result: func_convert_file_noop
configure:5492: checking how to convert x86_64-unknown-linux-gnu file names to toolchain format
configure:5512: result: func_convert_file_noop
configure:5519: checking for /usr/bin/ld option to reload object files
configure:5526: result: -r
configure:5600: checking for objdump
configure:5616: found /usr/bin/objdump
configure:5627: result: objdump
configure:5659: checking how to recognize dependent libraries
configure:5861: result: pass_all
configure:5946: checking for dlltool
configure:5976: result: no
configure:6006: checking how to associate runtime and link libraries
configure:6033: result: printf %s\n
configure:6094: checking for ar
configure:6110: found /usr/bin/ar
configure:6121: result: ar
configure:6158: checking for archiver @FILE support
configure:6175: gcc -c -g -O2  conftest.c >&5
configure:6175: $? = 0
configure:6178: ar cru libconftest.a @conftest.lst >&5
configure:6181: $? = 0
configure:6186: ar cru libconftest.a @conftest.lst >&5
ar: conftest.o: No such file or directory
configure:6189: $? = 1
configure:6201: result: @
configure:6259: checking for strip
configure:6275: found /usr/bin/strip
configure:6286: result: strip
configure:6358: checking for ranlib
configure:6374: found /usr/bin/ranlib
configure:6385: result: ranlib
configure:6487: checking command to parse /usr/bin/nm -B output from gcc object
configure:6607: gcc -c -g -O2  conftest.c >&5
configure:6610: $? = 0
configure:6614: /usr/bin/nm -B conftest.o \| sed -n -e 's/^.*[ ]\([ABCDGIRSTW][ABCDGIRSTW]*\)[ ][ ]*\([_A-Za-z][_A-Za-z0-9]*\)$/\1 \2 \2/p' | sed '/ __gnu_lto/d' \> conftest.nm
configure:6617: $? = 0
configure:6683: gcc -o conftest -g -O2   conftest.c conftstm.o >&5
configure:6686: $? = 0
configure:6724: result: ok
configure:6761: checking for sysroot
configure:6791: result: no
configure:6868: gcc -c -g -O2  conftest.c >&5
configure:6871: $? = 0
configure:7047: checking for mt
configure:7077: result: no
configure:7097: checking if : is a manifest tool
configure:7103: : '-?'
configure:7111: result: no
configure:7753: checking how to run the C preprocessor
configure:7784: gcc -E  conftest.c
configure:7784: $? = 0
configure:7798: gcc -E  conftest.c
conftest.c:11:28: fatal error: ac_nonexistent.h: No such file or directory
compilation terminated.
configure:7798: $? = 1
configure: failed program was:
| /* confdefs.h */
| #define PACKAGE_NAME "ftk"
| #define PACKAGE_TARNAME "ftk"
| #define PACKAGE_VERSION "1.0"
| #define PACKAGE_STRING "ftk 1.0"
| #define PACKAGE_BUGREPORT "xianjimli@hotmail.com"
| #define PACKAGE_URL ""
| #define PACKAGE "ftk"
| #define VERSION "1.0"
| /* end confdefs.h.  */
| #include <ac_nonexistent.h>
configure:7823: result: gcc -E
configure:7843: gcc -E  conftest.c
configure:7843: $? = 0
configure:7857: gcc -E  conftest.c
conftest.c:11:28: fatal error: ac_nonexistent.h: No such file or directory
compilation terminated.
configure:7857: $? = 1
configure: failed program was:
| /* confdefs.h */
| #define PACKAGE_NAME "ftk"
| #define PACKAGE_TARNAME "ftk"
| #define PACKAGE_VERSION "1.0"
| #define PACKAGE_STRING "ftk 1.0"
| #define PACKAGE_BUGREPORT "xianjimli@hotmail.com"
| #define PACKAGE_URL ""
| #define PACKAGE "ftk"
| #define VERSION "1.0"
| /* end confdefs.h.  */
| #include <ac_nonexistent.h>
configure:7886: checking for ANSI C header files
configure:7906: gcc -c -g -O2  conftest.c >&5
configure:7906: $? = 0
configure:7979: gcc -o conftest -g -O2   conftest.c  >&5
configure:7979: $? = 0
configure:7979: ./conftest
configure:7979: $? = 0
configure:7990: result: yes
configure:8003: checking for sys/types.h
configure:8003: gcc -c -g -O2  conftest.c >&5
configure:8003: $? = 0
configure:8003: result: yes
configure:8003: checking for sys/stat.h
configure:8003: gcc -c -g -O2  conftest.c >&5
configure:8003: $? = 0
configure:8003: result: yes
configure:8003: checking for stdlib.h
configure:8003: gcc -c -g -O2  conftest.c >&5
configure:8003: $? = 0
configure:8003: result: yes
configure:8003: checking for string.h
configure:8003: gcc -c -g -O2  conftest.c >&5
configure:8003: $? = 0
configure:8003: result: yes
configure:8003: checking for memory.h
configure:8003: gcc -c -g -O2  conftest.c >&5
configure:8003: $? = 0
configure:8003: result: yes
configure:8003: checking for strings.h
configure:8003: gcc -c -g -O2  conftest.c >&5
configure:8003: $? = 0
configure:8003: result: yes
configure:8003: checking for inttypes.h
configure:8003: gcc -c -g -O2  conftest.c >&5
configure:8003: $? = 0
configure:8003: result: yes
configure:8003: checking for stdint.h
configure:8003: gcc -c -g -O2  conftest.c >&5
configure:8003: $? = 0
configure:8003: result: yes
configure:8003: checking for unistd.h
configure:8003: gcc -c -g -O2  conftest.c >&5
configure:8003: $? = 0
configure:8003: result: yes
configure:8017: checking for dlfcn.h
configure:8017: gcc -c -g -O2  conftest.c >&5
configure:8017: $? = 0
configure:8017: result: yes
configure:8234: checking for objdir
configure:8249: result: .libs
configure:8516: checking if gcc supports -fno-rtti -fno-exceptions
configure:8534: gcc -c -g -O2  -fno-rtti -fno-exceptions conftest.c >&5
cc1: warning: command line option '-fno-rtti' is valid for C++/ObjC++ but not for C [enabled by default]
cc1: warning: command line option '-fno-rtti' is valid for C++/ObjC++ but not for C [enabled by default]
configure:8538: $? = 0
configure:8551: result: no
configure:8878: checking for gcc option to produce PIC
configure:8885: result: -fPIC -DPIC
configure:8893: checking if gcc PIC flag -fPIC -DPIC works
configure:8911: gcc -c -g -O2  -fPIC -DPIC -DPIC conftest.c >&5
configure:8915: $? = 0
configure:8928: result: yes
configure:8957: checking if gcc static flag -static works
configure:8985: result: no
configure:9000: checking if gcc supports -c -o file.o
configure:9021: gcc -c -g -O2  -o out/conftest2.o conftest.c >&5
configure:9025: $? = 0
configure:9047: result: yes
configure:9055: checking if gcc supports -c -o file.o
configure:9102: result: yes
configure:9135: checking whether the gcc linker (/usr/bin/ld -m elf_x86_64) supports shared libraries
configure:10288: result: yes
configure:10325: checking whether -lc should be explicitly linked in
configure:10333: gcc -c -g -O2  conftest.c >&5
configure:10336: $? = 0
configure:10351: gcc -shared  -fPIC -DPIC conftest.o  -v -Wl,-soname -Wl,conftest -o conftest 2\>\&1 \| /usr/bin/grep  -lc  \>/dev/null 2\>\&1
configure:10354: $? = 0
configure:10368: result: no
configure:10528: checking dynamic linker characteristics
configure:11039: gcc -o conftest -g -O2   -Wl,-rpath -Wl,/foo conftest.c  >&5
configure:11039: $? = 0
configure:11265: result: GNU/Linux ld.so
configure:11372: checking how to hardcode library paths into programs
configure:11397: result: immediate
configure:11937: checking whether stripping libraries is possible
configure:11942: result: yes
configure:11977: checking if libtool supports shared libraries
configure:11979: result: yes
configure:11982: checking whether to build shared libraries
configure:12003: result: yes
configure:12006: checking whether to build static libraries
configure:12010: result: yes
configure:12033: checking how to run the C++ preprocessor
configure:12060: g++ -E  conftest.cpp
configure:12060: $? = 0
configure:12074: g++ -E  conftest.cpp
conftest.cpp:23:28: fatal error: ac_nonexistent.h: No such file or directory
compilation terminated.
configure:12074: $? = 1
configure: failed program was:
| /* confdefs.h */
| #define PACKAGE_NAME "ftk"
| #define PACKAGE_TARNAME "ftk"
| #define PACKAGE_VERSION "1.0"
| #define PACKAGE_STRING "ftk 1.0"
| #define PACKAGE_BUGREPORT "xianjimli@hotmail.com"
| #define PACKAGE_URL ""
| #define PACKAGE "ftk"
| #define VERSION "1.0"
| #define STDC_HEADERS 1
| #define HAVE_SYS_TYPES_H 1
| #define HAVE_SYS_STAT_H 1
| #define HAVE_STDLIB_H 1
| #define HAVE_STRING_H 1
| #define HAVE_MEMORY_H 1
| #define HAVE_STRINGS_H 1
| #define HAVE_INTTYPES_H 1
| #define HAVE_STDINT_H 1
| #define HAVE_UNISTD_H 1
| #define HAVE_DLFCN_H 1
| #define LT_OBJDIR ".libs/"
| /* end confdefs.h.  */
| #include <ac_nonexistent.h>
configure:12099: result: g++ -E
configure:12119: g++ -E  conftest.cpp
configure:12119: $? = 0
configure:12133: g++ -E  conftest.cpp
conftest.cpp:23:28: fatal error: ac_nonexistent.h: No such file or directory
compilation terminated.
configure:12133: $? = 1
configure: failed program was:
| /* confdefs.h */
| #define PACKAGE_NAME "ftk"
| #define PACKAGE_TARNAME "ftk"
| #define PACKAGE_VERSION "1.0"
| #define PACKAGE_STRING "ftk 1.0"
| #define PACKAGE_BUGREPORT "xianjimli@hotmail.com"
| #define PACKAGE_URL ""
| #define PACKAGE "ftk"
| #define VERSION "1.0"
| #define STDC_HEADERS 1
| #define HAVE_SYS_TYPES_H 1
| #define HAVE_SYS_STAT_H 1
| #define HAVE_STDLIB_H 1
| #define HAVE_STRING_H 1
| #define HAVE_MEMORY_H 1
| #define HAVE_STRINGS_H 1
| #define HAVE_INTTYPES_H 1
| #define HAVE_STDINT_H 1
| #define HAVE_UNISTD_H 1
| #define HAVE_DLFCN_H 1
| #define LT_OBJDIR ".libs/"
| /* end confdefs.h.  */
| #include <ac_nonexistent.h>
configure:12302: checking for ld used by g++
configure:12369: result: /usr/bin/ld -m elf_x86_64
configure:12376: checking if the linker (/usr/bin/ld -m elf_x86_64) is GNU ld
configure:12391: result: yes
configure:12446: checking whether the g++ linker (/usr/bin/ld -m elf_x86_64) supports shared libraries
configure:13451: result: yes
configure:13487: g++ -c -g -O2  conftest.cpp >&5
configure:13490: $? = 0
configure:14010: checking for g++ option to produce PIC
configure:14017: result: -fPIC -DPIC
configure:14025: checking if g++ PIC flag -fPIC -DPIC works
configure:14043: g++ -c -g -O2  -fPIC -DPIC -DPIC conftest.cpp >&5
configure:14047: $? = 0
configure:14060: result: yes
configure:14083: checking if g++ static flag -static works
configure:14111: result: no
configure:14123: checking if g++ supports -c -o file.o
configure:14144: g++ -c -g -O2  -o out/conftest2.o conftest.cpp >&5
configure:14148: $? = 0
configure:14170: result: yes
configure:14175: checking if g++ supports -c -o file.o
configure:14222: result: yes
configure:14252: checking whether the g++ linker (/usr/bin/ld -m elf_x86_64) supports shared libraries
configure:14288: result: yes
configure:14429: checking dynamic linker characteristics
configure:15100: result: GNU/Linux ld.so
configure:15153: checking how to hardcode library paths into programs
configure:15178: result: immediate
configure:15240: checking whether gcc and cc understand -c and -o together
configure:15271: gcc -c conftest.c -o conftest2.o >&5
configure:15275: $? = 0
configure:15281: gcc -c conftest.c -o conftest2.o >&5
configure:15285: $? = 0
configure:15296: cc -c conftest.c >&5
configure:15300: $? = 0
configure:15308: cc -c conftest.c -o conftest2.o >&5
configure:15312: $? = 0
configure:15318: cc -c conftest.c -o conftest2.o >&5
configure:15322: $? = 0
configure:15340: result: yes
configure:15365: checking whether byte ordering is bigendian
configure:15380: gcc -c -g -O2  conftest.c >&5
conftest.c:24:9: error: unknown type name 'not'
conftest.c:24:15: error: expected '=', ',', ';', 'asm' or '__attribute__' before 'universal'
conftest.c:24:15: error: unknown type name 'universal'
configure:15380: $? = 1
configure: failed program was:
| /* confdefs.h */
| #define PACKAGE_NAME "ftk"
| #define PACKAGE_TARNAME "ftk"
| #define PACKAGE_VERSION "1.0"
| #define PACKAGE_STRING "ftk 1.0"
| #define PACKAGE_BUGREPORT "xianjimli@hotmail.com"
| #define PACKAGE_URL ""
| #define PACKAGE "ftk"
| #define VERSION "1.0"
| #define STDC_HEADERS 1
| #define HAVE_SYS_TYPES_H 1
| #define HAVE_SYS_STAT_H 1
| #define HAVE_STDLIB_H 1
| #define HAVE_STRING_H 1
| #define HAVE_MEMORY_H 1
| #define HAVE_STRINGS_H 1
| #define HAVE_INTTYPES_H 1
| #define HAVE_STDINT_H 1
| #define HAVE_UNISTD_H 1
| #define HAVE_DLFCN_H 1
| #define LT_OBJDIR ".libs/"
| /* end confdefs.h.  */
| #ifndef __APPLE_CC__
| 	       not a universal capable compiler
| 	     #endif
| 	     typedef int dummy;
| 
configure:15425: gcc -c -g -O2  conftest.c >&5
configure:15425: $? = 0
configure:15443: gcc -c -g -O2  conftest.c >&5
conftest.c: In function 'main':
conftest.c:30:4: error: unknown type name 'not'
conftest.c:30:12: error: expected '=', ',', ';', 'asm' or '__attribute__' before 'endian'
configure:15443: $? = 1
configure: failed program was:
| /* confdefs.h */
| #define PACKAGE_NAME "ftk"
| #define PACKAGE_TARNAME "ftk"
| #define PACKAGE_VERSION "1.0"
| #define PACKAGE_STRING "ftk 1.0"
| #define PACKAGE_BUGREPORT "xianjimli@hotmail.com"
| #define PACKAGE_URL ""
| #define PACKAGE "ftk"
| #define VERSION "1.0"
| #define STDC_HEADERS 1
| #define HAVE_SYS_TYPES_H 1
| #define HAVE_SYS_STAT_H 1
| #define HAVE_STDLIB_H 1
| #define HAVE_STRING_H 1
| #define HAVE_MEMORY_H 1
| #define HAVE_STRINGS_H 1
| #define HAVE_INTTYPES_H 1
| #define HAVE_STDINT_H 1
| #define HAVE_UNISTD_H 1
| #define HAVE_DLFCN_H 1
| #define LT_OBJDIR ".libs/"
| /* end confdefs.h.  */
| #include <sys/types.h>
| 		#include <sys/param.h>
| 
| int
| main ()
| {
| #if BYTE_ORDER != BIG_ENDIAN
| 		 not big endian
| 		#endif
| 
|   ;
|   return 0;
| }
configure:15571: result: no
configure:15643: checking for pkg-config
configure:15661: found /usr/bin/pkg-config
configure:15673: result: /usr/bin/pkg-config
configure:15698: checking pkg-config is at least version 0.9.0
configure:15701: result: yes
configure:15712: checking for main in -ljpeg
configure:15731: gcc -o conftest -g -O2   conftest.c -ljpeg   >&5
configure:15731: $? = 0
configure:15740: result: yes
configure:15756: checking for PNG
configure:15763: $PKG_CONFIG --exists --print-errors "libpng"
configure:15766: $? = 0
configure:15780: $PKG_CONFIG --exists --print-errors "libpng"
configure:15783: $? = 0
configure:15825: result: yes
configure:15842: checking fcntl.h usability
configure:15842: gcc -c -g -O2 -I/usr/include/libpng15    conftest.c >&5
configure:15842: $? = 0
configure:15842: result: yes
configure:15842: checking fcntl.h presence
configure:15842: gcc -E  conftest.c
configure:15842: $? = 0
configure:15842: result: yes
configure:15842: checking for fcntl.h
configure:15842: result: yes
configure:15842: checking for stdlib.h
configure:15842: result: yes
configure:15842: checking for string.h
configure:15842: result: yes
configure:15842: checking sys/ioctl.h usability
configure:15842: gcc -c -g -O2 -I/usr/include/libpng15    conftest.c >&5
configure:15842: $? = 0
configure:15842: result: yes
configure:15842: checking sys/ioctl.h presence
configure:15842: gcc -E  conftest.c
configure:15842: $? = 0
configure:15842: result: yes
configure:15842: checking for sys/ioctl.h
configure:15842: result: yes
configure:15842: checking sys/time.h usability
configure:15842: gcc -c -g -O2 -I/usr/include/libpng15    conftest.c >&5
configure:15842: $? = 0
configure:15842: result: yes
configure:15842: checking sys/time.h presence
configure:15842: gcc -E  conftest.c
configure:15842: $? = 0
configure:15842: result: yes
configure:15842: checking for sys/time.h
configure:15842: result: yes
configure:15842: checking for unistd.h
configure:15842: result: yes
configure:15842: checking execinfo.h usability
configure:15842: gcc -c -g -O2 -I/usr/include/libpng15    conftest.c >&5
configure:15842: $? = 0
configure:15842: result: yes
configure:15842: checking execinfo.h presence
configure:15842: gcc -E  conftest.c
configure:15842: $? = 0
configure:15842: result: yes
configure:15842: checking for execinfo.h
configure:15842: result: yes
configure:16652: checking for inline
configure:16668: gcc -c -g -O2 -I/usr/include/libpng15   -DHAVE_CONFIG_FTK_H -DHAVE_CONFIG_FTK_H -I/usr/X11R6/include -DUSE_LINUX_X11 -DDISPLAY_PARAM="\"linux-x11:320x480\"" -DUSE_DEFAULT_FONT  -DUSE_GPINYIN -DUSE_LINEBREAK  -DUSE_VNC  conftest.c >&5
configure:16668: $? = 0
configure:16676: result: inline
configure:16694: checking for size_t
configure:16694: gcc -c -g -O2 -I/usr/include/libpng15   -DHAVE_CONFIG_FTK_H -DHAVE_CONFIG_FTK_H -I/usr/X11R6/include -DUSE_LINUX_X11 -DDISPLAY_PARAM="\"linux-x11:320x480\"" -DUSE_DEFAULT_FONT  -DUSE_GPINYIN -DUSE_LINEBREAK  -DUSE_VNC  conftest.c >&5
configure:16694: $? = 0
configure:16694: gcc -c -g -O2 -I/usr/include/libpng15   -DHAVE_CONFIG_FTK_H -DHAVE_CONFIG_FTK_H -I/usr/X11R6/include -DUSE_LINUX_X11 -DDISPLAY_PARAM="\"linux-x11:320x480\"" -DUSE_DEFAULT_FONT  -DUSE_GPINYIN -DUSE_LINEBREAK  -DUSE_VNC  conftest.c >&5
conftest.c: In function 'main':
conftest.c:67:21: error: expected expression before ')' token
configure:16694: $? = 1
configure: failed program was:
| /* confdefs.h */
| #define PACKAGE_NAME "ftk"
| #define PACKAGE_TARNAME "ftk"
| #define PACKAGE_VERSION "1.0"
| #define PACKAGE_STRING "ftk 1.0"
| #define PACKAGE_BUGREPORT "xianjimli@hotmail.com"
| #define PACKAGE_URL ""
| #define PACKAGE "ftk"
| #define VERSION "1.0"
| #define STDC_HEADERS 1
| #define HAVE_SYS_TYPES_H 1
| #define HAVE_SYS_STAT_H 1
| #define HAVE_STDLIB_H 1
| #define HAVE_STRING_H 1
| #define HAVE_MEMORY_H 1
| #define HAVE_STRINGS_H 1
| #define HAVE_INTTYPES_H 1
| #define HAVE_STDINT_H 1
| #define HAVE_UNISTD_H 1
| #define HAVE_DLFCN_H 1
| #define LT_OBJDIR ".libs/"
| #define HAVE_LIBJPEG 1
| #define HAVE_FCNTL_H 1
| #define HAVE_STDLIB_H 1
| #define HAVE_STRING_H 1
| #define HAVE_SYS_IOCTL_H 1
| #define HAVE_SYS_TIME_H 1
| #define HAVE_UNISTD_H 1
| #define HAVE_EXECINFO_H 1
| /* end confdefs.h.  */
| #include <stdio.h>
| #ifdef HAVE_SYS_TYPES_H
| # include <sys/types.h>
| #endif
| #ifdef HAVE_SYS_STAT_H
| # include <sys/stat.h>
| #endif
| #ifdef STDC_HEADERS
| # include <stdlib.h>
| # include <stddef.h>
| #else
| # ifdef HAVE_STDLIB_H
| #  include <stdlib.h>
| # endif
| #endif
| #ifdef HAVE_STRING_H
| # if !defined STDC_HEADERS && defined HAVE_MEMORY_H
| #  include <memory.h>
| # endif
| # include <string.h>
| #endif
| #ifdef HAVE_STRINGS_H
| # include <strings.h>
| #endif
| #ifdef HAVE_INTTYPES_H
| # include <inttypes.h>
| #endif
| #ifdef HAVE_STDINT_H
| # include <stdint.h>
| #endif
| #ifdef HAVE_UNISTD_H
| # include <unistd.h>
| #endif
| int
| main ()
| {
| if (sizeof ((size_t)))
| 	    return 0;
|   ;
|   return 0;
| }
configure:16694: result: yes
configure:16712: checking for gtkdoc-check
configure:16730: found /usr/bin/gtkdoc-check
configure:16742: result: /usr/bin/gtkdoc-check
configure:16754: checking for gtkdoc-rebase
configure:16772: found /usr/bin/gtkdoc-rebase
configure:16784: result: /usr/bin/gtkdoc-rebase
configure:16798: checking for gtkdoc-mkpdf
configure:16816: found /usr/bin/gtkdoc-mkpdf
configure:16828: result: /usr/bin/gtkdoc-mkpdf
configure:16962: checking whether to build gtk-doc documentation
configure:16964: result: no
configure:17041: checking locale.h usability
configure:17041: gcc -c -g -O2 -I/usr/include/libpng15   -DHAVE_CONFIG_FTK_H -DHAVE_CONFIG_FTK_H -I/usr/X11R6/include -DUSE_LINUX_X11 -DDISPLAY_PARAM="\"linux-x11:320x480\"" -DUSE_DEFAULT_FONT  -DUSE_GPINYIN -DUSE_LINEBREAK  -DUSE_VNC  conftest.c >&5
configure:17041: $? = 0
configure:17041: result: yes
configure:17041: checking locale.h presence
configure:17041: gcc -E  conftest.c
configure:17041: $? = 0
configure:17041: result: yes
configure:17041: checking for locale.h
configure:17041: result: yes
configure:17052: checking for LC_MESSAGES
configure:17068: gcc -o conftest -g -O2 -I/usr/include/libpng15   -DHAVE_CONFIG_FTK_H -DHAVE_CONFIG_FTK_H -I/usr/X11R6/include -DUSE_LINUX_X11 -DDISPLAY_PARAM="\"linux-x11:320x480\"" -DUSE_DEFAULT_FONT  -DUSE_GPINYIN -DUSE_LINEBREAK  -DUSE_VNC   -lpng15   -L/usr/X11R6/lib -lX11 -lXext conftest.c -ljpeg  >&5
configure:17068: $? = 0
configure:17076: result: yes
configure:17093: checking libintl.h usability
configure:17093: gcc -c -g -O2 -I/usr/include/libpng15   -DHAVE_CONFIG_FTK_H -DHAVE_CONFIG_FTK_H -I/usr/X11R6/include -DUSE_LINUX_X11 -DDISPLAY_PARAM="\"linux-x11:320x480\"" -DUSE_DEFAULT_FONT  -DUSE_GPINYIN -DUSE_LINEBREAK  -DUSE_VNC  conftest.c >&5
configure:17093: $? = 0
configure:17093: result: yes
configure:17093: checking libintl.h presence
configure:17093: gcc -E  conftest.c
configure:17093: $? = 0
configure:17093: result: yes
configure:17093: checking for libintl.h
configure:17093: result: yes
configure:17101: checking for ngettext in libc
configure:17119: gcc -o conftest -g -O2 -I/usr/include/libpng15   -DHAVE_CONFIG_FTK_H -DHAVE_CONFIG_FTK_H -I/usr/X11R6/include -DUSE_LINUX_X11 -DDISPLAY_PARAM="\"linux-x11:320x480\"" -DUSE_DEFAULT_FONT  -DUSE_GPINYIN -DUSE_LINEBREAK  -DUSE_VNC   -lpng15   -L/usr/X11R6/lib -lX11 -lXext conftest.c -ljpeg  >&5
configure:17119: $? = 0
configure:17128: result: yes
configure:17132: checking for dgettext in libc
configure:17150: gcc -o conftest -g -O2 -I/usr/include/libpng15   -DHAVE_CONFIG_FTK_H -DHAVE_CONFIG_FTK_H -I/usr/X11R6/include -DUSE_LINUX_X11 -DDISPLAY_PARAM="\"linux-x11:320x480\"" -DUSE_DEFAULT_FONT  -DUSE_GPINYIN -DUSE_LINEBREAK  -DUSE_VNC   -lpng15   -L/usr/X11R6/lib -lX11 -lXext conftest.c -ljpeg  >&5
configure:17150: $? = 0
configure:17159: result: yes
configure:17166: checking for bind_textdomain_codeset
configure:17166: gcc -o conftest -g -O2 -I/usr/include/libpng15   -DHAVE_CONFIG_FTK_H -DHAVE_CONFIG_FTK_H -I/usr/X11R6/include -DUSE_LINUX_X11 -DDISPLAY_PARAM="\"linux-x11:320x480\"" -DUSE_DEFAULT_FONT  -DUSE_GPINYIN -DUSE_LINEBREAK  -DUSE_VNC   -lpng15   -L/usr/X11R6/lib -lX11 -lXext conftest.c -ljpeg  >&5
configure:17166: $? = 0
configure:17166: result: yes
configure:17442: checking for msgfmt
configure:17469: result: /usr/bin/msgfmt
configure:17480: checking for dcgettext
configure:17480: gcc -o conftest -g -O2 -I/usr/include/libpng15   -DHAVE_CONFIG_FTK_H -DHAVE_CONFIG_FTK_H -I/usr/X11R6/include -DUSE_LINUX_X11 -DDISPLAY_PARAM="\"linux-x11:320x480\"" -DUSE_DEFAULT_FONT  -DUSE_GPINYIN -DUSE_LINEBREAK  -DUSE_VNC   -lpng15   -L/usr/X11R6/lib -lX11 -lXext conftest.c -ljpeg   >&5
conftest.c:59:6: warning: conflicting types for built-in function 'dcgettext' [enabled by default]
configure:17480: $? = 0
configure:17480: result: yes
configure:17490: checking if msgfmt accepts -c
configure:17505: $MSGFMT -c -o /dev/null conftest.foo
configure:17508: $? = 0
configure:17510: result: yes
configure:17520: checking for gmsgfmt
configure:17551: result: /usr/bin/msgfmt
configure:17561: checking for xgettext
configure:17588: result: /usr/bin/xgettext
configure:17607: gcc -o conftest -g -O2 -I/usr/include/libpng15   -DHAVE_CONFIG_FTK_H -DHAVE_CONFIG_FTK_H -I/usr/X11R6/include -DUSE_LINUX_X11 -DDISPLAY_PARAM="\"linux-x11:320x480\"" -DUSE_DEFAULT_FONT  -DUSE_GPINYIN -DUSE_LINEBREAK  -DUSE_VNC   -lpng15   -L/usr/X11R6/lib -lX11 -lXext conftest.c -ljpeg   >&5
configure:17607: $? = 0
configure:17689: checking for catalogs to be installed
configure:17714: result:  zh_CN
configure:17859: checking that generated files are newer than configure
configure:17865: result: done
configure:17997: creating ./config.status

## ---------------------- ##
## Running config.status. ##
## ---------------------- ##

This file was extended by ftk config.status 1.0, which was
generated by GNU Autoconf 2.69.  Invocation command line was

  CONFIG_FILES    = 
  CONFIG_HEADERS  = 
  CONFIG_LINKS    = 
  CONFIG_COMMANDS = 
  $ ./config.status 

on localhost.localdomain

config.status:1324: creating ftk.pc
config.status:1324: creating Makefile
config.status:1324: creating ftk.cnf
config.status:1324: creating docs/Makefile
config.status:1324: creating docs/reference/Makefile
config.status:1324: creating po/Makefile.in
config.status:1324: creating theme/Makefile
config.status:1324: creating theme/default/Makefile
config.status:1324: creating data/Makefile
config.status:1324: creating testdata/Makefile
config.status:1324: creating src/rules.mk
config.status:1324: creating src/Makefile
config.status:1324: creating src/im/Makefile
config.status:1324: creating src/im/default/Makefile
config.status:1324: creating src/im/gpinyin/Makefile
config.status:1324: creating src/demos/Makefile
config.status:1324: creating src/test/Makefile
config.status:1324: creating src/backend/Makefile
config.status:1324: creating src/backend/directfb/Makefile
config.status:1324: creating src/backend/native/Makefile
config.status:1324: creating src/backend/ucosii/Makefile
config.status:1324: creating src/backend/sigma/Makefile
config.status:1324: creating src/backend/iphone/Makefile
config.status:1324: creating src/backend/psp/Makefile
config.status:1324: creating src/backend/x11-emu/Makefile
config.status:1324: creating src/backend/win32/Makefile
config.status:1324: creating src/os/Makefile
config.status:1324: creating src/os/linux/Makefile
config.status:1324: creating src/os/iphone/Makefile
config.status:1324: creating src/os/windows/Makefile
config.status:1324: creating src/os/psp/Makefile
config.status:1324: creating src/os/ucos-ii/Makefile
config.status:1324: creating src/compiler/Makefile
config.status:1324: creating script_binding/Makefile
config.status:1324: creating script_binding/lua/Makefile
config.status:1324: creating script_binding/lua/lua/Makefile
config.status:1324: creating apps/Makefile
config.status:1324: creating apps/common/Makefile
config.status:1324: creating apps/launcher/Makefile
config.status:1324: creating apps/desktop/Makefile
config.status:1324: creating apps/desktop/icons/Makefile
config.status:1324: creating apps/desktop/xul/Makefile
config.status:1324: creating apps/desktop/libvncserver/Makefile
config.status:1324: creating apps/calculator/Makefile
config.status:1324: creating apps/calculator/icons/Makefile
config.status:1324: creating apps/calculator/data/Makefile
config.status:1324: creating apps/filemanager/Makefile
config.status:1324: creating apps/filemanager/icons/Makefile
config.status:1324: creating apps/filemanager/data/Makefile
config.status:1324: creating apps/shell/Makefile
config.status:1324: creating apps/shell/icons/Makefile
config.status:1324: creating apps/shell/data/Makefile
config.status:1324: creating apps/gallery/Makefile
config.status:1324: creating apps/gallery/icons/Makefile
config.status:1324: creating apps/gallery/lua/Makefile
config.status:1324: creating apps/gallery/data/Makefile
config.status:1324: creating tools/Makefile
config.status:1324: creating tools/cross-build/Makefile
config.status:1324: creating tools/fontextract/Makefile
config.status:1324: creating tools/imconvert/Makefile
config.status:1324: creating tools/luagen/Makefile
config.status:1324: creating tools/luagen/idl/Makefile
config.status:1324: creating tools/fbusgen/Makefile
config.status:1324: creating fbus/Makefile
config.status:1324: creating fbus/demo/Makefile
config.status:1324: creating fbus/demo/echo.service
config.status:1324: creating services/Makefile
config.status:1324: creating services/fconf/Makefile
config.status:1324: creating services/fconf/fconf.service
config.status:1324: creating opengles/ug/Makefile
config.status:1324: creating opengles/include/Makefile
config.status:1324: creating opengles/include/GLES/Makefile
config.status:1324: creating opengles/src/Makefile
config.status:1324: creating opengles/Makefile
config.status:1324: creating opengles/opengles.pc
config.status:1324: creating opengles/redbook/Makefile
config.status:1324: creating config_ftk.h
config.status:1505: config_ftk.h is unchanged
config.status:1553: executing depfiles commands
config.status:1553: executing libtool commands
config.status:1553: executing default-1 commands

## ---------------- ##
## Cache variables. ##
## ---------------- ##

ac_cv_build=x86_64-unknown-linux-gnu
ac_cv_c_bigendian=no
ac_cv_c_compiler_gnu=yes
ac_cv_c_inline=inline
ac_cv_cxx_compiler_gnu=yes
ac_cv_env_CAIRO_CFLAGS_set=
ac_cv_env_CAIRO_CFLAGS_value=
ac_cv_env_CAIRO_LIBS_set=
ac_cv_env_CAIRO_LIBS_value=
ac_cv_env_CCC_set=
ac_cv_env_CCC_value=
ac_cv_env_CC_set=
ac_cv_env_CC_value=
ac_cv_env_CFLAGS_set=
ac_cv_env_CFLAGS_value=
ac_cv_env_CPPFLAGS_set=
ac_cv_env_CPPFLAGS_value=
ac_cv_env_CPP_set=
ac_cv_env_CPP_value=
ac_cv_env_CXXCPP_set=
ac_cv_env_CXXCPP_value=
ac_cv_env_CXXFLAGS_set=
ac_cv_env_CXXFLAGS_value=
ac_cv_env_CXX_set=
ac_cv_env_CXX_value=
ac_cv_env_DIRECTFB_CFLAGS_set=
ac_cv_env_DIRECTFB_CFLAGS_value=
ac_cv_env_DIRECTFB_LIBS_set=
ac_cv_env_DIRECTFB_LIBS_value=
ac_cv_env_FREETYPE_CFLAGS_set=
ac_cv_env_FREETYPE_CFLAGS_value=
ac_cv_env_FREETYPE_LIBS_set=
ac_cv_env_FREETYPE_LIBS_value=
ac_cv_env_GTKDOC_DEPS_CFLAGS_set=
ac_cv_env_GTKDOC_DEPS_CFLAGS_value=
ac_cv_env_GTKDOC_DEPS_LIBS_set=
ac_cv_env_GTKDOC_DEPS_LIBS_value=
ac_cv_env_LDFLAGS_set=
ac_cv_env_LDFLAGS_value=
ac_cv_env_LIBS_set=
ac_cv_env_LIBS_value=
ac_cv_env_PIXMAN_CFLAGS_set=
ac_cv_env_PIXMAN_CFLAGS_value=
ac_cv_env_PIXMAN_LIBS_set=
ac_cv_env_PIXMAN_LIBS_value=
ac_cv_env_PKG_CONFIG_LIBDIR_set=
ac_cv_env_PKG_CONFIG_LIBDIR_value=
ac_cv_env_PKG_CONFIG_PATH_set=
ac_cv_env_PKG_CONFIG_PATH_value=
ac_cv_env_PKG_CONFIG_set=
ac_cv_env_PKG_CONFIG_value=
ac_cv_env_PNG_CFLAGS_set=
ac_cv_env_PNG_CFLAGS_value=
ac_cv_env_PNG_LIBS_set=
ac_cv_env_PNG_LIBS_value=
ac_cv_env_TSLIB_CFLAGS_set=
ac_cv_env_TSLIB_CFLAGS_value=
ac_cv_env_TSLIB_LIBS_set=
ac_cv_env_TSLIB_LIBS_value=
ac_cv_env_build_alias_set=
ac_cv_env_build_alias_value=
ac_cv_env_host_alias_set=
ac_cv_env_host_alias_value=
ac_cv_env_target_alias_set=
ac_cv_env_target_alias_value=
ac_cv_func_bind_textdomain_codeset=yes
ac_cv_func_dcgettext=yes
ac_cv_header_dlfcn_h=yes
ac_cv_header_execinfo_h=yes
ac_cv_header_fcntl_h=yes
ac_cv_header_inttypes_h=yes
ac_cv_header_libintl_h=yes
ac_cv_header_locale_h=yes
ac_cv_header_memory_h=yes
ac_cv_header_stdc=yes
ac_cv_header_stdint_h=yes
ac_cv_header_stdlib_h=yes
ac_cv_header_string_h=yes
ac_cv_header_strings_h=yes
ac_cv_header_sys_ioctl_h=yes
ac_cv_header_sys_stat_h=yes
ac_cv_header_sys_time_h=yes
ac_cv_header_sys_types_h=yes
ac_cv_header_unistd_h=yes
ac_cv_host=x86_64-unknown-linux-gnu
ac_cv_lib_jpeg_main=yes
ac_cv_objext=o
ac_cv_path_EGREP='/usr/bin/grep -E'
ac_cv_path_FGREP='/usr/bin/grep -F'
ac_cv_path_GMSGFMT=/usr/bin/msgfmt
ac_cv_path_GREP=/usr/bin/grep
ac_cv_path_GTKDOC_CHECK=/usr/bin/gtkdoc-check
ac_cv_path_GTKDOC_MKPDF=/usr/bin/gtkdoc-mkpdf
ac_cv_path_GTKDOC_REBASE=/usr/bin/gtkdoc-rebase
ac_cv_path_MSGFMT=/usr/bin/msgfmt
ac_cv_path_SED=/usr/bin/sed
ac_cv_path_XGETTEXT=/usr/bin/xgettext
ac_cv_path_ac_pt_PKG_CONFIG=/usr/bin/pkg-config
ac_cv_path_install='/usr/bin/install -c'
ac_cv_path_mkdir=/usr/bin/mkdir
ac_cv_prog_AWK=gawk
ac_cv_prog_CPP='gcc -E'
ac_cv_prog_CXXCPP='g++ -E'
ac_cv_prog_ac_ct_AR=ar
ac_cv_prog_ac_ct_CC=gcc
ac_cv_prog_ac_ct_CXX=g++
ac_cv_prog_ac_ct_OBJDUMP=objdump
ac_cv_prog_ac_ct_RANLIB=ranlib
ac_cv_prog_ac_ct_STRIP=strip
ac_cv_prog_cc_c89=
ac_cv_prog_cc_g=yes
ac_cv_prog_cc_gcc_c_o=yes
ac_cv_prog_cxx_g=yes
ac_cv_prog_make_make_set=yes
ac_cv_type_size_t=yes
am_cv_CC_dependencies_compiler_type=gcc3
am_cv_CXX_dependencies_compiler_type=gcc3
am_cv_val_LC_MESSAGES=yes
gt_cv_func_dgettext_libc=yes
gt_cv_func_dgettext_libintl=no
gt_cv_func_ngettext_libc=yes
gt_cv_have_gettext=yes
lt_cv_ar_at_file=@
lt_cv_archive_cmds_need_lc=no
lt_cv_deplibs_check_method=pass_all
lt_cv_file_magic_cmd='$MAGIC_CMD'
lt_cv_file_magic_test_file=
lt_cv_ld_reload_flag=-r
lt_cv_nm_interface='BSD nm'
lt_cv_objdir=.libs
lt_cv_path_LD=/usr/bin/ld
lt_cv_path_LDCXX='/usr/bin/ld -m elf_x86_64'
lt_cv_path_NM='/usr/bin/nm -B'
lt_cv_path_mainfest_tool=no
lt_cv_prog_compiler_c_o=yes
lt_cv_prog_compiler_c_o_CXX=yes
lt_cv_prog_compiler_pic='-fPIC -DPIC'
lt_cv_prog_compiler_pic_CXX='-fPIC -DPIC'
lt_cv_prog_compiler_pic_works=yes
lt_cv_prog_compiler_pic_works_CXX=yes
lt_cv_prog_compiler_rtti_exceptions=no
lt_cv_prog_compiler_static_works=no
lt_cv_prog_compiler_static_works_CXX=no
lt_cv_prog_gnu_ld=yes
lt_cv_prog_gnu_ldcxx=yes
lt_cv_sharedlib_from_linklib_cmd='printf %s\n'
lt_cv_shlibpath_overrides_runpath=no
lt_cv_sys_global_symbol_pipe='sed -n -e '\''s/^.*[	 ]\([ABCDGIRSTW][ABCDGIRSTW]*\)[	 ][	 ]*\([_A-Za-z][_A-Za-z0-9]*\)$/\1 \2 \2/p'\'' | sed '\''/ __gnu_lto/d'\'''
lt_cv_sys_global_symbol_to_c_name_address='sed -n -e '\''s/^: \([^ ]*\)[ ]*$/  {\"\1\", (void *) 0},/p'\'' -e '\''s/^[ABCDGIRSTW]* \([^ ]*\) \([^ ]*\)$/  {"\2", (void *) \&\2},/p'\'''
lt_cv_sys_global_symbol_to_c_name_address_lib_prefix='sed -n -e '\''s/^: \([^ ]*\)[ ]*$/  {\"\1\", (void *) 0},/p'\'' -e '\''s/^[ABCDGIRSTW]* \([^ ]*\) \(lib[^ ]*\)$/  {"\2", (void *) \&\2},/p'\'' -e '\''s/^[ABCDGIRSTW]* \([^ ]*\) \([^ ]*\)$/  {"lib\2", (void *) \&\2},/p'\'''
lt_cv_sys_global_symbol_to_cdecl='sed -n -e '\''s/^T .* \(.*\)$/extern int \1();/p'\'' -e '\''s/^[ABCDGIRSTW]* .* \(.*\)$/extern char \1;/p'\'''
lt_cv_sys_max_cmd_len=1572864
lt_cv_to_host_file_cmd=func_convert_file_noop
lt_cv_to_tool_file_cmd=func_convert_file_noop
pkg_cv_PNG_CFLAGS='-I/usr/include/libpng15  '
pkg_cv_PNG_LIBS='-lpng15  '

## ----------------- ##
## Output variables. ##
## ----------------- ##

ACLOCAL='${SHELL} /opt/work/github/ftk/missing --run aclocal-1.12'
AMDEPBACKSLASH='\'
AMDEP_FALSE='#'
AMDEP_TRUE=''
AMTAR='$${TAR-tar}'
AR='ar'
AUTOCONF='${SHELL} /opt/work/github/ftk/missing --run autoconf'
AUTOHEADER='${SHELL} /opt/work/github/ftk/missing --run autoheader'
AUTOMAKE='${SHELL} /opt/work/github/ftk/missing --run automake-1.12'
AWK='gawk'
CAIRO_CFLAGS=''
CAIRO_LIBS=''
CANVAS_CFLAGS=''
CANVAS_LDFLAGS=''
CATALOGS=' zh_CN.gmo'
CATOBJEXT='.gmo'
CC='gcc'
CCDEPMODE='depmode=gcc3'
CFLAGS='-g -O2 -I/usr/include/libpng15   -DHAVE_CONFIG_FTK_H -DHAVE_CONFIG_FTK_H -I/usr/X11R6/include -DUSE_LINUX_X11 -DDISPLAY_PARAM="\"linux-x11:320x480\"" -DUSE_DEFAULT_FONT  -DUSE_GPINYIN -DUSE_LINEBREAK  -DUSE_VNC'
CPP='gcc -E'
CPPFLAGS=''
CXX='g++'
CXXCPP='g++ -E'
CXXDEPMODE='depmode=gcc3'
CXXFLAGS='-g -O2'
CYGPATH_W='echo'
DATADIRNAME='share'
DEFS='-DHAVE_CONFIG_H'
DEPDIR='.deps'
DIRECTFB_CFLAGS=''
DIRECTFB_LIBS=''
DLLTOOL='false'
DSYMUTIL=''
DUMPBIN=''
ECHO_C=''
ECHO_N='-n'
ECHO_T=''
EGREP='/usr/bin/grep -E'
ENABLE_CAIRO_FALSE=''
ENABLE_CAIRO_TRUE='#'
ENABLE_FRIBIDI_FALSE=''
ENABLE_FRIBIDI_TRUE='#'
ENABLE_GPINYIN_FALSE='#'
ENABLE_GPINYIN_TRUE=''
ENABLE_GTK_DOC_FALSE=''
ENABLE_GTK_DOC_TRUE='#'
ENABLE_HANDWRITE_FALSE=''
ENABLE_HANDWRITE_TRUE='#'
ENABLE_LINEBREAK_FALSE='#'
ENABLE_LINEBREAK_TRUE=''
ENABLE_OPENGLES_FALSE=''
ENABLE_OPENGLES_TRUE='#'
ENABLE_TSLIB_FALSE=''
ENABLE_TSLIB_TRUE='#'
ENABLE_VNC_FALSE='#'
ENABLE_VNC_TRUE=''
EXEEXT=''
FGREP='/usr/bin/grep -F'
FONT_ENGINE_DEFAULT_FALSE='#'
FONT_ENGINE_DEFAULT_TRUE=''
FONT_ENGINE_FREETYPE_FALSE=''
FONT_ENGINE_FREETYPE_TRUE='#'
FREETYPE_CFLAGS=''
FREETYPE_LIBS=''
FTK_BACKEND_DFB_FALSE=''
FTK_BACKEND_DFB_TRUE='#'
FTK_BACKEND_FB_FALSE=''
FTK_BACKEND_FB_TRUE='#'
FTK_BACKEND_PSP_FALSE=''
FTK_BACKEND_PSP_TRUE='#'
FTK_BACKEND_SIGMA_FALSE=''
FTK_BACKEND_SIGMA_TRUE='#'
FTK_BACKEND_ST7781_FALSE=''
FTK_BACKEND_ST7781_TRUE='#'
FTK_BACKEND_X11_FALSE='#'
FTK_BACKEND_X11_TRUE=''
FTK_CANVAS_CAIRO_FALSE=''
FTK_CANVAS_CAIRO_TRUE='#'
FTK_CANVAS_DEFAULT_FALSE='#'
FTK_CANVAS_DEFAULT_TRUE=''
FTK_CANVAS_DIRECTFB_FALSE=''
FTK_CANVAS_DIRECTFB_TRUE='#'
FTK_CANVAS_DUMMY_FALSE=''
FTK_CANVAS_DUMMY_TRUE='#'
FTK_CANVAS_SKIA_FALSE=''
FTK_CANVAS_SKIA_TRUE='#'
GETTEXT_PACKAGE='ftk'
GMOFILES=' zh_CN.gmo'
GMSGFMT='/usr/bin/msgfmt'
GREP='/usr/bin/grep'
GTKDOC_CHECK='/usr/bin/gtkdoc-check'
GTKDOC_DEPS_CFLAGS=''
GTKDOC_DEPS_LIBS=''
GTKDOC_MKPDF='/usr/bin/gtkdoc-mkpdf'
GTKDOC_REBASE='/usr/bin/gtkdoc-rebase'
GTK_DOC_BUILD_HTML_FALSE='#'
GTK_DOC_BUILD_HTML_TRUE=''
GTK_DOC_BUILD_PDF_FALSE=''
GTK_DOC_BUILD_PDF_TRUE='#'
GTK_DOC_USE_LIBTOOL_FALSE='#'
GTK_DOC_USE_LIBTOOL_TRUE=''
GTK_DOC_USE_REBASE_FALSE='#'
GTK_DOC_USE_REBASE_TRUE=''
HTML_DIR='${datadir}/gtk-doc/html'
INSTALL_DATA='${INSTALL} -m 644'
INSTALL_PROGRAM='${INSTALL}'
INSTALL_SCRIPT='${INSTALL}'
INSTALL_STRIP_PROGRAM='$(install_sh) -c -s'
INSTOBJEXT='.mo'
INTLLIBS=''
LD='/usr/bin/ld -m elf_x86_64'
LDFLAGS=' -lpng15   -L/usr/X11R6/lib -lX11 -lXext'
LIBOBJS=''
LIBS='-ljpeg '
LIBTOOL='$(SHELL) $(top_builddir)/libtool'
LIPO=''
LN_S='ln -s'
LTLIBOBJS=''
MAKEINFO='${SHELL} /opt/work/github/ftk/missing --run makeinfo'
MANIFEST_TOOL=':'
MKDIR_P='/usr/bin/mkdir -p'
MKINSTALLDIRS='./mkinstalldirs'
MSGFMT='/usr/bin/msgfmt'
MSGFMT_OPTS='-c'
NM='/usr/bin/nm -B'
NMEDIT=''
OBJDUMP='objdump'
OBJEXT='o'
OTOOL64=''
OTOOL=''
PACKAGE='ftk'
PACKAGE_BUGREPORT='xianjimli@hotmail.com'
PACKAGE_NAME='ftk'
PACKAGE_STRING='ftk 1.0'
PACKAGE_TARNAME='ftk'
PACKAGE_URL=''
PACKAGE_VERSION='1.0'
PATH_SEPARATOR=':'
PIXMAN_CFLAGS=''
PIXMAN_LIBS=''
PKG_CONFIG='/usr/bin/pkg-config'
PKG_CONFIG_LIBDIR=''
PKG_CONFIG_PATH=''
PNG_CFLAGS='-I/usr/include/libpng15  '
PNG_LIBS='-lpng15  '
POFILES=' zh_CN.po'
POSUB='po'
PO_IN_DATADIR_FALSE=''
PO_IN_DATADIR_TRUE=''
RANLIB='ranlib'
SED='/usr/bin/sed'
SET_MAKE=''
SHELL='/bin/sh'
STRIP='strip'
TSLIB_CFLAGS=''
TSLIB_LIBS=''
USE_NLS='yes'
VERSION='1.0'
XGETTEXT='/usr/bin/xgettext'
ac_ct_AR='ar'
ac_ct_CC='gcc'
ac_ct_CXX='g++'
ac_ct_DUMPBIN=''
am__EXEEXT_FALSE=''
am__EXEEXT_TRUE='#'
am__fastdepCC_FALSE='#'
am__fastdepCC_TRUE=''
am__fastdepCXX_FALSE='#'
am__fastdepCXX_TRUE=''
am__include='include'
am__isrc=''
am__leading_dot='.'
am__nodep='_no'
am__quote=''
am__tar='$${TAR-tar} chof - "$$tardir"'
am__untar='$${TAR-tar} xf -'
bindir='${exec_prefix}/bin'
build='x86_64-unknown-linux-gnu'
build_alias=''
build_cpu='x86_64'
build_os='linux-gnu'
build_vendor='unknown'
datadir='${datarootdir}'
datarootdir='${prefix}/share'
docdir='${datarootdir}/doc/${PACKAGE_TARNAME}'
dvidir='${docdir}'
exec_prefix='${prefix}'
host='x86_64-unknown-linux-gnu'
host_alias=''
host_cpu='x86_64'
host_os='linux-gnu'
host_vendor='unknown'
htmldir='${docdir}'
includedir='${prefix}/include'
infodir='${datarootdir}/info'
install_sh='${SHELL} /opt/work/github/ftk/install-sh'
libdir='${exec_prefix}/lib'
libexecdir='${exec_prefix}/libexec'
localedir='${datarootdir}/locale'
localstatedir='${prefix}/var'
mandir='${datarootdir}/man'
mkdir_p='$(MKDIR_P)'
oldincludedir='/usr/include'
pdfdir='${docdir}'
prefix='/usr/local'
program_transform_name='s,x,x,'
psdir='${docdir}'
sbindir='${exec_prefix}/sbin'
sharedstatedir='${prefix}/com'
sysconfdir='${prefix}/etc'
target_alias=''

## ----------- ##
## confdefs.h. ##
## ----------- ##

/* confdefs.h */
#define PACKAGE_NAME "ftk"
#define PACKAGE_TARNAME "ftk"
#define PACKAGE_VERSION "1.0"
#define PACKAGE_STRING "ftk 1.0"
#define PACKAGE_BUGREPORT "xianjimli@hotmail.com"
#define PACKAGE_URL ""
#define PACKAGE "ftk"
#define VERSION "1.0"
#define STDC_HEADERS 1
#define HAVE_SYS_TYPES_H 1
#define HAVE_SYS_STAT_H 1
#define HAVE_STDLIB_H 1
#define HAVE_STRING_H 1
#define HAVE_MEMORY_H 1
#define HAVE_STRINGS_H 1
#define HAVE_INTTYPES_H 1
#define HAVE_STDINT_H 1
#define HAVE_UNISTD_H 1
#define HAVE_DLFCN_H 1
#define LT_OBJDIR ".libs/"
#define HAVE_LIBJPEG 1
#define HAVE_FCNTL_H 1
#define HAVE_STDLIB_H 1
#define HAVE_STRING_H 1
#define HAVE_SYS_IOCTL_H 1
#define HAVE_SYS_TIME_H 1
#define HAVE_UNISTD_H 1
#define HAVE_EXECINFO_H 1
#define GETTEXT_PACKAGE "ftk"
#define HAVE_LOCALE_H 1
#define HAVE_LC_MESSAGES 1
#define HAVE_BIND_TEXTDOMAIN_CODESET 1
#define HAVE_GETTEXT 1
#define HAVE_DCGETTEXT 1
#define ENABLE_NLS 1

configure: exit 0
